<?xml version="1.0" encoding="utf-8"?><testsuites name="pytest tests"><testsuite name="pytest" errors="0" failures="0" skipped="0" tests="21" time="2.412" timestamp="2026-03-06T03:35:42.859097+00:00" hostname="agent-env-34aea028-94cf-4907-b3de-b470a8f7f5ab"><testcase classname="tests.test_wildly_ones_features.TestHealthCheck" name="test_api_health_endpoint" time="0.165" /><testcase classname="tests.test_wildly_ones_features.TestHealthCheck" name="test_api_root_endpoint" time="0.057" /><testcase classname="tests.test_wildly_ones_features.TestAIAgents" name="test_agents_endpoint_available" time="0.051" /><testcase classname="tests.test_wildly_ones_features.TestAIAgents" name="test_all_seven_agents_present" time="0.058" /><testcase classname="tests.test_wildly_ones_features.TestAIAgents" name="test_agent_metadata_complete" time="0.059" /><testcase classname="tests.test_wildly_ones_features.TestHomeGoodsCategory" name="test_home_goods_category_exists" time="0.058" /><testcase classname="tests.test_wildly_ones_features.TestHomeGoodsCategory" name="test_home_goods_has_expected_products" time="0.049" /><testcase classname="tests.test_wildly_ones_features.TestHomeGoodsCategory" name="test_home_goods_count_matches_requirement" time="0.052" /><testcase classname="tests.test_wildly_ones_features.TestProductRatings" name="test_all_products_have_ratings" time="0.064" /><testcase classname="tests.test_wildly_ones_features.TestProductRatings" name="test_ratings_between_4_5_and_5" time="0.056" /><testcase classname="tests.test_wildly_ones_features.TestUserAuthentication" name="test_user_registration" time="0.283" /><testcase classname="tests.test_wildly_ones_features.TestUserAuthentication" name="test_user_login" time="0.289" /><testcase classname="tests.test_wildly_ones_features.TestUserAuthentication" name="test_admin_login" time="0.271" /><testcase classname="tests.test_wildly_ones_features.TestUserAuthentication" name="test_invalid_login_fails" time="0.063" /><testcase classname="tests.test_wildly_ones_features.TestUserAuthentication" name="test_get_me_requires_auth" time="0.058" /><testcase classname="tests.test_wildly_ones_features.TestUserAuthentication" name="test_get_me_with_token" time="0.323" /><testcase classname="tests.test_wildly_ones_features.TestProductsAPI" name="test_get_all_products" time="0.064" /><testcase classname="tests.test_wildly_ones_features.TestProductsAPI" name="test_get_featured_products" time="0.059" /><testcase classname="tests.test_wildly_ones_features.TestProductsAPI" name="test_get_bestsellers" time="0.056" /><testcase classname="tests.test_wildly_ones_features.TestProductsAPI" name="test_get_categories" time="0.047" /><testcase classname="tests.test_wildly_ones_features.TestProductsAPI" name="test_filter_by_pet_type" time="0.150" /></testsuite></testsuites>