<?xml version="1.0" encoding="utf-8"?><testsuites name="pytest tests"><testsuite name="pytest" errors="0" failures="0" skipped="0" tests="16" time="6.743" timestamp="2026-03-06T22:12:55.376837+00:00" hostname="agent-env-3817accc-d1c1-46ec-b215-a3209602f9f7"><testcase classname="tests.test_product_sourcing.TestProductSourcingAuth" name="test_sourcing_search_requires_auth" time="0.177" /><testcase classname="tests.test_product_sourcing.TestProductSourcingAuth" name="test_sourcing_categories_requires_auth" time="0.117" /><testcase classname="tests.test_product_sourcing.TestProductSourcingAuth" name="test_sourcing_import_requires_auth" time="0.124" /><testcase classname="tests.test_product_sourcing.TestProductSourcingCategories" name="test_categories_returns_pet_types" time="0.426" /><testcase classname="tests.test_product_sourcing.TestProductSourcingCategories" name="test_categories_returns_product_types" time="0.393" /><testcase classname="tests.test_product_sourcing.TestProductSourcingCategories" name="test_categories_returns_suppliers" time="0.421" /><testcase classname="tests.test_product_sourcing.TestProductSourcingSearch" name="test_search_default_returns_products" time="0.391" /><testcase classname="tests.test_product_sourcing.TestProductSourcingSearch" name="test_search_product_has_required_fields" time="0.405" /><testcase classname="tests.test_product_sourcing.TestProductSourcingSearch" name="test_search_filter_by_pet_type" time="0.605" /><testcase classname="tests.test_product_sourcing.TestProductSourcingSearch" name="test_search_filter_by_supplier" time="0.504" /><testcase classname="tests.test_product_sourcing.TestProductSourcingSearch" name="test_search_filter_by_price_range" time="0.394" /><testcase classname="tests.test_product_sourcing.TestProductSourcingSearch" name="test_search_with_query" time="0.388" /><testcase classname="tests.test_product_sourcing.TestProductSourcingSearch" name="test_search_pagination" time="0.401" /><testcase classname="tests.test_product_sourcing.TestProductSourcingImport" name="test_import_product_basic" time="0.595" /><testcase classname="tests.test_product_sourcing.TestProductSourcingImport" name="test_import_preserves_sourcing_info" time="0.553" /><testcase classname="tests.test_product_sourcing.TestSourcingEndToEnd" name="test_full_sourcing_workflow" time="0.745" /></testsuite></testsuites>