<?xml version="1.0" encoding="utf-8"?><testsuites name="pytest tests"><testsuite name="pytest" errors="0" failures="0" skipped="0" tests="16" time="7.708" timestamp="2026-03-06T00:43:10.298220+00:00" hostname="agent-env-63b5a60c-9154-4312-9eda-59c62419082a"><testcase classname="backend.tests.test_reviews_email.TestProductReviews" name="test_get_products_list" time="0.487" /><testcase classname="backend.tests.test_reviews_email.TestProductReviews" name="test_get_product_reviews" time="0.491" /><testcase classname="backend.tests.test_reviews_email.TestProductReviews" name="test_get_product_reviews_summary" time="0.447" /><testcase classname="backend.tests.test_reviews_email.TestProductReviews" name="test_reviews_nonexistent_product" time="0.456" /><testcase classname="backend.tests.test_reviews_email.TestProductReviews" name="test_reviews_summary_nonexistent_product" time="0.440" /><testcase classname="backend.tests.test_reviews_email.TestProductReviews" name="test_mark_review_helpful" time="0.552" /><testcase classname="backend.tests.test_reviews_email.TestProductReviews" name="test_mark_review_helpful_invalid_id" time="0.511" /><testcase classname="backend.tests.test_reviews_email.TestProductReviews" name="test_write_review_requires_auth" time="0.477" /><testcase classname="backend.tests.test_reviews_email.TestProductReviews" name="test_write_review_with_auth" time="0.660" /><testcase classname="backend.tests.test_reviews_email.TestProductReviews" name="test_review_rating_validation" time="0.589" /><testcase classname="backend.tests.test_reviews_email.TestEmailConfirmation" name="test_email_function_exists" time="0.001" /><testcase classname="backend.tests.test_reviews_email.TestEmailConfirmation" name="test_resend_import_exists" time="0.000" /><testcase classname="backend.tests.test_reviews_email.TestExistingFeatures" name="test_cart_operations" time="0.479" /><testcase classname="backend.tests.test_reviews_email.TestExistingFeatures" name="test_promo_code_validation" time="0.098" /><testcase classname="backend.tests.test_reviews_email.TestExistingFeatures" name="test_checkout_endpoint_exists" time="0.159" /><testcase classname="backend.tests.test_reviews_email.TestMultipleProductReviews" name="test_reviews_exist_on_multiple_products" time="1.787" /></testsuite></testsuites>