<?xml version="1.0" encoding="utf-8"?><testsuites name="pytest tests"><testsuite name="pytest" errors="0" failures="0" skipped="0" tests="14" time="6.022" timestamp="2026-03-06T00:59:01.555051+00:00" hostname="agent-env-63b5a60c-9154-4312-9eda-59c62419082a"><testcase classname="backend.tests.test_referral_tracking.TestReferralAPI" name="test_get_referral_code_requires_auth" time="0.178" /><testcase classname="backend.tests.test_referral_tracking.TestReferralAPI" name="test_get_referral_code_returns_valid_code" time="0.490" /><testcase classname="backend.tests.test_referral_tracking.TestReferralAPI" name="test_validate_referral_code_valid" time="0.558" /><testcase classname="backend.tests.test_referral_tracking.TestReferralAPI" name="test_validate_referral_code_invalid" time="0.120" /><testcase classname="backend.tests.test_referral_tracking.TestReferralAPI" name="test_validate_referral_code_own_code" time="0.572" /><testcase classname="backend.tests.test_referral_tracking.TestReferralAPI" name="test_referral_stats_returns_correct_structure" time="0.424" /><testcase classname="backend.tests.test_referral_tracking.TestReferralAPI" name="test_referral_stats_requires_auth" time="0.097" /><testcase classname="backend.tests.test_referral_tracking.TestOrderTrackingAPI" name="test_get_tracking_requires_auth" time="0.110" /><testcase classname="backend.tests.test_referral_tracking.TestOrderTrackingAPI" name="test_get_tracking_not_found" time="0.432" /><testcase classname="backend.tests.test_referral_tracking.TestOrderTrackingAPI" name="test_get_tracking_no_tracking_info" time="0.582" /><testcase classname="backend.tests.test_referral_tracking.TestOrderTrackingAPI" name="test_admin_add_tracking_requires_admin" time="0.442" /><testcase classname="backend.tests.test_referral_tracking.TestOrderTrackingAPI" name="test_admin_add_tracking_valid" time="0.659" /><testcase classname="backend.tests.test_referral_tracking.TestOrderTrackingAPI" name="test_admin_add_tracking_various_carriers" time="0.819" /><testcase classname="backend.tests.test_referral_tracking.TestLoyaltyIntegration" name="test_loyalty_status_endpoint" time="0.467" /></testsuite></testsuites>