<?xml version="1.0" encoding="utf-8"?><testsuites name="pytest tests"><testsuite name="pytest" errors="0" failures="0" skipped="0" tests="9" time="3.930" timestamp="2026-03-06T01:46:24.967362+00:00" hostname="agent-env-ff84b140-6ade-43c8-9956-553f1418bcfd"><testcase classname="backend.tests.test_email_automation.TestEmailAutomationEndpoints" name="test_get_email_automation_stats_requires_auth" time="0.497" /><testcase classname="backend.tests.test_email_automation.TestEmailAutomationEndpoints" name="test_get_email_automation_stats_success" time="0.456" /><testcase classname="backend.tests.test_email_automation.TestEmailAutomationEndpoints" name="test_send_abandoned_emails_requires_auth" time="0.529" /><testcase classname="backend.tests.test_email_automation.TestEmailAutomationEndpoints" name="test_send_abandoned_emails_success" time="0.725" /><testcase classname="backend.tests.test_email_automation.TestEmailAutomationEndpoints" name="test_send_review_emails_requires_auth" time="0.462" /><testcase classname="backend.tests.test_email_automation.TestEmailAutomationEndpoints" name="test_send_review_emails_success" time="0.501" /><testcase classname="backend.tests.test_email_automation.TestBrandNameUpdate" name="test_health_endpoint_brand_name" time="0.123" /><testcase classname="backend.tests.test_email_automation.TestBrandNameUpdate" name="test_root_endpoint_brand_name" time="0.137" /><testcase classname="backend.tests.test_email_automation.TestEmailAutomationNonAdmin" name="test_non_admin_cannot_access_stats" time="0.448" /></testsuite></testsuites>