<?xml version="1.0" encoding="utf-8"?><testsuites name="pytest tests"><testsuite name="pytest" errors="0" failures="0" skipped="0" tests="19" time="4.381" timestamp="2026-03-06T02:00:31.719707+00:00" hostname="agent-env-ff84b140-6ade-43c8-9956-553f1418bcfd"><testcase classname="backend.tests.test_customer_segments.TestCustomerSegmentsAuth" name="test_get_segments_requires_auth" time="0.179" /><testcase classname="backend.tests.test_customer_segments.TestCustomerSegmentsAuth" name="test_get_segment_detail_requires_auth" time="0.204" /><testcase classname="backend.tests.test_customer_segments.TestCustomerSegmentsAuth" name="test_create_campaign_requires_auth" time="0.115" /><testcase classname="backend.tests.test_customer_segments.TestCustomerSegmentsAuth" name="test_send_campaign_requires_auth" time="0.125" /><testcase classname="backend.tests.test_customer_segments.TestCustomerSegmentsAdminRequired" name="test_segments_requires_admin" time="0.488" /><testcase classname="backend.tests.test_customer_segments.TestCustomerSegmentsData" name="test_get_customer_segments" time="0.442" /><testcase classname="backend.tests.test_customer_segments.TestCustomerSegmentsData" name="test_segments_have_required_fields" time="0.159" /><testcase classname="backend.tests.test_customer_segments.TestCustomerSegmentsData" name="test_valid_segment_types" time="0.156" /><testcase classname="backend.tests.test_customer_segments.TestSegmentDetail" name="test_get_segment_detail_new" time="0.472" /><testcase classname="backend.tests.test_customer_segments.TestSegmentDetail" name="test_get_segment_detail_vip" time="0.147" /><testcase classname="backend.tests.test_customer_segments.TestSegmentDetail" name="test_get_segment_detail_invalid" time="0.112" /><testcase classname="backend.tests.test_customer_segments.TestCampaignGeneration" name="test_generate_campaign_new_segment" time="0.508" /><testcase classname="backend.tests.test_customer_segments.TestCampaignGeneration" name="test_generate_campaign_vip_segment" time="0.122" /><testcase classname="backend.tests.test_customer_segments.TestCampaignGeneration" name="test_generate_campaign_at_risk_segment" time="0.132" /><testcase classname="backend.tests.test_customer_segments.TestCampaignGeneration" name="test_generate_campaign_loyal_segment" time="0.111" /><testcase classname="backend.tests.test_customer_segments.TestCampaignGeneration" name="test_generate_campaign_dormant_segment" time="0.118" /><testcase classname="backend.tests.test_customer_segments.TestCampaignGeneration" name="test_generate_campaign_invalid_segment" time="0.158" /><testcase classname="backend.tests.test_customer_segments.TestSendCampaign" name="test_send_campaign_new_segment" time="0.433" /><testcase classname="backend.tests.test_customer_segments.TestSendCampaign" name="test_send_campaign_invalid_segment" time="0.123" /></testsuite></testsuites>