<?xml version="1.0" encoding="utf-8"?><testsuites name="pytest tests"><testsuite name="pytest" errors="0" failures="0" skipped="1" tests="18" time="5.544" timestamp="2026-03-06T01:20:13.344447+00:00" hostname="agent-env-ff84b140-6ade-43c8-9956-553f1418bcfd"><testcase classname="tests.test_admin_products_orders.TestAdminAuth" name="test_admin_login_returns_is_admin_true" time="0.414" /><testcase classname="tests.test_admin_products_orders.TestAdminStats" name="test_admin_stats_returns_all_metrics" time="0.490" /><testcase classname="tests.test_admin_products_orders.TestAdminStats" name="test_admin_stats_requires_auth" time="0.122" /><testcase classname="tests.test_admin_products_orders.TestAdminProductsCRUD" name="test_get_admin_products_list" time="0.451" /><testcase classname="tests.test_admin_products_orders.TestAdminProductsCRUD" name="test_get_admin_products_with_search_filter" time="0.134" /><testcase classname="tests.test_admin_products_orders.TestAdminProductsCRUD" name="test_get_admin_products_with_pet_type_filter" time="0.105" /><testcase classname="tests.test_admin_products_orders.TestAdminProductsCRUD" name="test_get_admin_products_with_category_filter" time="0.123" /><testcase classname="tests.test_admin_products_orders.TestAdminProductsCRUD" name="test_create_product" time="0.331" /><testcase classname="tests.test_admin_products_orders.TestAdminProductsCRUD" name="test_update_product" time="0.479" /><testcase classname="tests.test_admin_products_orders.TestAdminProductsCRUD" name="test_delete_product" time="0.322" /><testcase classname="tests.test_admin_products_orders.TestAdminProductsCRUD" name="test_admin_products_requires_auth" time="0.109" /><testcase classname="tests.test_admin_products_orders.TestAdminOrdersManagement" name="test_get_all_orders" time="0.444" /><testcase classname="tests.test_admin_products_orders.TestAdminOrdersManagement" name="test_get_orders_with_status_filter" time="0.110" /><testcase classname="tests.test_admin_products_orders.TestAdminOrdersManagement" name="test_update_order_status" time="0.367" /><testcase classname="tests.test_admin_products_orders.TestAdminOrdersManagement" name="test_admin_orders_requires_auth" time="0.112" /><testcase classname="tests.test_admin_products_orders.TestAdminOrderTracking" name="test_add_tracking_to_order" time="0.449"><skipped type="pytest.skip" message="No orders without tracking available for testing">/app/backend/tests/test_admin_products_orders.py:454: No orders without tracking available for testing</skipped></testcase><testcase classname="tests.test_admin_products_orders.TestAdminOrderTracking" name="test_add_tracking_requires_admin" time="0.117" /><testcase classname="tests.test_admin_products_orders.TestAdminDashboardNavigation" name="test_all_admin_endpoints_accessible" time="0.816" /></testsuite></testsuites>