<?xml version="1.0" encoding="utf-8"?><testsuites name="pytest tests"><testsuite name="pytest" errors="0" failures="0" skipped="0" tests="19" time="7.327" timestamp="2026-03-07T17:37:17.643089+00:00" hostname="agent-env-e3d83892-c6e4-4a6d-bae3-87ceca9ac355"><testcase classname="backend.tests.test_sourcing_suppliers.TestSourcingSuppliers" name="test_categories_endpoint_returns_200" time="0.495" /><testcase classname="backend.tests.test_sourcing_suppliers.TestSourcingSuppliers" name="test_categories_has_suppliers_array" time="0.414" /><testcase classname="backend.tests.test_sourcing_suppliers.TestSourcingSuppliers" name="test_categories_suppliers_only_faire_and_zendrop" time="0.381" /><testcase classname="backend.tests.test_sourcing_suppliers.TestSourcingSuppliers" name="test_categories_no_old_suppliers" time="0.436" /><testcase classname="backend.tests.test_sourcing_suppliers.TestSourcingSuppliers" name="test_categories_faire_label_correct" time="0.435" /><testcase classname="backend.tests.test_sourcing_suppliers.TestSourcingSuppliers" name="test_categories_zendrop_label_correct" time="0.450" /><testcase classname="backend.tests.test_sourcing_suppliers.TestSourcingSuppliers" name="test_search_endpoint_returns_200" time="0.379" /><testcase classname="backend.tests.test_sourcing_suppliers.TestSourcingSuppliers" name="test_search_returns_products_array" time="0.389" /><testcase classname="backend.tests.test_sourcing_suppliers.TestSourcingSuppliers" name="test_search_all_products_from_faire_or_zendrop" time="0.411" /><testcase classname="backend.tests.test_sourcing_suppliers.TestSourcingSuppliers" name="test_search_no_old_suppliers_in_products" time="0.408" /><testcase classname="backend.tests.test_sourcing_suppliers.TestSourcingSuppliers" name="test_search_faire_filter_returns_only_faire" time="0.404" /><testcase classname="backend.tests.test_sourcing_suppliers.TestSourcingSuppliers" name="test_search_zendrop_filter_returns_only_zendrop" time="0.421" /><testcase classname="backend.tests.test_sourcing_suppliers.TestSourcingSuppliers" name="test_search_products_have_required_fields" time="0.410" /><testcase classname="backend.tests.test_sourcing_suppliers.TestSourcingSuppliers" name="test_search_faire_products_have_correct_badge_data" time="0.394" /><testcase classname="backend.tests.test_sourcing_suppliers.TestSourcingSuppliers" name="test_search_zendrop_products_have_correct_badge_data" time="0.406" /><testcase classname="backend.tests.test_sourcing_suppliers.TestSourcingSuppliers" name="test_search_dog_products_available" time="0.394" /><testcase classname="backend.tests.test_sourcing_suppliers.TestSourcingSuppliers" name="test_search_cat_products_available" time="0.423" /><testcase classname="backend.tests.test_sourcing_suppliers.TestSourcingUnauthorized" name="test_categories_requires_auth" time="0.103" /><testcase classname="backend.tests.test_sourcing_suppliers.TestSourcingUnauthorized" name="test_search_requires_auth" time="0.104" /></testsuite></testsuites>