<?xml version="1.0" encoding="utf-8"?><testsuites name="pytest tests"><testsuite name="pytest" errors="0" failures="0" skipped="0" tests="10" time="1.278" timestamp="2026-03-06T02:25:53.942976+00:00" hostname="agent-env-ff84b140-6ade-43c8-9956-553f1418bcfd"><testcase classname="backend.tests.test_websocket_lowstock.TestHealthCheck" name="test_api_is_available" time="0.215" /><testcase classname="backend.tests.test_websocket_lowstock.TestAdminAuth" name="test_admin_login" time="0.280" /><testcase classname="backend.tests.test_websocket_lowstock.TestLowStockProducts" name="test_low_stock_requires_auth" time="0.050" /><testcase classname="backend.tests.test_websocket_lowstock.TestLowStockProducts" name="test_get_low_stock_products" time="0.335" /><testcase classname="backend.tests.test_websocket_lowstock.TestEmailAutomation" name="test_email_automation_requires_auth" time="0.047" /><testcase classname="backend.tests.test_websocket_lowstock.TestEmailAutomation" name="test_get_email_automation_stats" time="0.053" /><testcase classname="backend.tests.test_websocket_lowstock.TestEmailAutomation" name="test_send_low_stock_alerts_requires_auth" time="0.052" /><testcase classname="backend.tests.test_websocket_lowstock.TestEmailAutomation" name="test_send_low_stock_alerts" time="0.048" /><testcase classname="backend.tests.test_websocket_lowstock.TestWebSocketEndpoint" name="test_websocket_endpoint_available" time="0.010" /><testcase classname="backend.tests.test_websocket_lowstock.TestLowStockDataVerification" name="test_low_stock_count_matches_products" time="0.123" /></testsuite></testsuites>