<?xml version="1.0" encoding="utf-8"?><testsuites name="pytest tests"><testsuite name="pytest" errors="0" failures="0" skipped="0" tests="17" time="5.994" timestamp="2026-03-06T00:29:59.184438+00:00" hostname="agent-env-63b5a60c-9154-4312-9eda-59c62419082a"><testcase classname="backend.tests.test_paypal_promo_checkout.TestPromoCodeValidation" name="test_validate_welcome15_promo" time="0.193" /><testcase classname="backend.tests.test_paypal_promo_checkout.TestPromoCodeValidation" name="test_validate_paws10_promo_meets_minimum" time="0.148" /><testcase classname="backend.tests.test_paypal_promo_checkout.TestPromoCodeValidation" name="test_validate_paws10_below_minimum" time="0.112" /><testcase classname="backend.tests.test_paypal_promo_checkout.TestPromoCodeValidation" name="test_validate_spring25_promo" time="0.147" /><testcase classname="backend.tests.test_paypal_promo_checkout.TestPromoCodeValidation" name="test_validate_spring25_below_minimum" time="0.145" /><testcase classname="backend.tests.test_paypal_promo_checkout.TestPromoCodeValidation" name="test_validate_invalid_promo_code" time="0.150" /><testcase classname="backend.tests.test_paypal_promo_checkout.TestCartAndCheckoutWithPromo" name="test_checkout_with_promo_code" time="0.899" /><testcase classname="backend.tests.test_paypal_promo_checkout.TestCartAndCheckoutWithPromo" name="test_checkout_without_promo_code" time="0.747" /><testcase classname="backend.tests.test_paypal_promo_checkout.TestPayPalIntegration" name="test_paypal_create_order_endpoint_exists" time="0.828" /><testcase classname="backend.tests.test_paypal_promo_checkout.TestPayPalIntegration" name="test_paypal_create_order_with_promo" time="0.579" /><testcase classname="backend.tests.test_paypal_promo_checkout.TestPayPalIntegration" name="test_paypal_create_order_empty_cart" time="0.109" /><testcase classname="backend.tests.test_paypal_promo_checkout.TestAdminPromotions" name="test_get_admin_promotions" time="0.473" /><testcase classname="backend.tests.test_paypal_promo_checkout.TestAdminPromotions" name="test_admin_promotions_requires_auth" time="0.112" /><testcase classname="backend.tests.test_paypal_promo_checkout.TestAdminPromotions" name="test_create_promotion" time="0.588" /><testcase classname="backend.tests.test_paypal_promo_checkout.TestAdminPromotions" name="test_create_duplicate_promotion_fails" time="0.475" /><testcase classname="backend.tests.test_paypal_promo_checkout.TestAllPromotionsListAPI" name="test_get_active_promotions" time="0.113" /><testcase classname="backend.tests.test_paypal_promo_checkout.TestAllPromotionsListAPI" name="test_promotions_have_required_fields" time="0.112" /></testsuite></testsuites>