<?xml version="1.0" encoding="utf-8"?><testsuites name="pytest tests"><testsuite name="pytest" errors="0" failures="0" skipped="0" tests="20" time="2.709" timestamp="2026-03-06T00:16:08.648898+00:00" hostname="agent-env-63b5a60c-9154-4312-9eda-59c62419082a"><testcase classname="backend.tests.test_bestsellers_promotions.TestBestsellersEndpoint" name="test_bestsellers_returns_8_products" time="0.289" /><testcase classname="backend.tests.test_bestsellers_promotions.TestBestsellersEndpoint" name="test_bestsellers_sorted_by_review_count" time="0.120" /><testcase classname="backend.tests.test_bestsellers_promotions.TestBestsellersEndpoint" name="test_bestsellers_have_required_fields" time="0.135" /><testcase classname="backend.tests.test_bestsellers_promotions.TestBestsellersEndpoint" name="test_bestsellers_products_in_stock" time="0.102" /><testcase classname="backend.tests.test_bestsellers_promotions.TestPromotionsEndpoint" name="test_promotions_returns_active_promotions" time="0.105" /><testcase classname="backend.tests.test_bestsellers_promotions.TestPromotionsEndpoint" name="test_promotions_have_expected_codes" time="0.116" /><testcase classname="backend.tests.test_bestsellers_promotions.TestPromotionsEndpoint" name="test_promotions_have_required_fields" time="0.122" /><testcase classname="backend.tests.test_bestsellers_promotions.TestPromotionsEndpoint" name="test_welcome15_promotion_details" time="0.105" /><testcase classname="backend.tests.test_bestsellers_promotions.TestPromotionsEndpoint" name="test_freeship50_promotion_details" time="0.105" /><testcase classname="backend.tests.test_bestsellers_promotions.TestPromotionsEndpoint" name="test_paws10_promotion_details" time="0.117" /><testcase classname="backend.tests.test_bestsellers_promotions.TestPromotionsEndpoint" name="test_spring25_promotion_details" time="0.145" /><testcase classname="backend.tests.test_bestsellers_promotions.TestPromotionValidation" name="test_validate_welcome15_with_subtotal" time="0.152" /><testcase classname="backend.tests.test_bestsellers_promotions.TestPromotionValidation" name="test_validate_welcome15_case_insensitive" time="0.175" /><testcase classname="backend.tests.test_bestsellers_promotions.TestPromotionValidation" name="test_validate_paws10_below_minimum" time="0.107" /><testcase classname="backend.tests.test_bestsellers_promotions.TestPromotionValidation" name="test_validate_paws10_above_minimum" time="0.114" /><testcase classname="backend.tests.test_bestsellers_promotions.TestPromotionValidation" name="test_validate_spring25_above_minimum" time="0.124" /><testcase classname="backend.tests.test_bestsellers_promotions.TestPromotionValidation" name="test_validate_invalid_code" time="0.120" /><testcase classname="backend.tests.test_bestsellers_promotions.TestPromotionValidation" name="test_validate_freeship50_returns_zero_discount" time="0.118" /><testcase classname="backend.tests.test_bestsellers_promotions.TestLoyaltyEndpoints" name="test_loyalty_status_requires_auth" time="0.104" /><testcase classname="backend.tests.test_bestsellers_promotions.TestLoyaltyEndpoints" name="test_loyalty_redeem_requires_auth" time="0.112" /></testsuite></testsuites>