<?xml version="1.0" encoding="utf-8"?><testsuites name="pytest tests"><testsuite name="pytest" errors="0" failures="0" skipped="0" tests="14" time="1.896" timestamp="2026-03-05T23:52:54.984778+00:00" hostname="agent-env-63b5a60c-9154-4312-9eda-59c62419082a"><testcase classname="backend.tests.test_product_filters.TestHealthCheck" name="test_api_health" time="0.140" /><testcase classname="backend.tests.test_product_filters.TestHealthCheck" name="test_products_endpoint_available" time="0.128" /><testcase classname="backend.tests.test_product_filters.TestProductFiltersByPetType" name="test_filter_bird_products" time="0.113" /><testcase classname="backend.tests.test_product_filters.TestProductFiltersByPetType" name="test_filter_rabbit_products" time="0.115" /><testcase classname="backend.tests.test_product_filters.TestProductFiltersByPetType" name="test_filter_fish_products" time="0.124" /><testcase classname="backend.tests.test_product_filters.TestProductFiltersByPetType" name="test_filter_small_pet_products" time="0.102" /><testcase classname="backend.tests.test_product_filters.TestProductFiltersByPetType" name="test_filter_reptile_products_excludes_both" time="0.148" /><testcase classname="backend.tests.test_product_filters.TestProductFiltersByPetType" name="test_filter_dog_products_includes_both" time="0.113" /><testcase classname="backend.tests.test_product_filters.TestProductFiltersByPetType" name="test_filter_cat_products_includes_both" time="0.116" /><testcase classname="backend.tests.test_product_filters.TestProductData" name="test_all_products_have_images" time="0.102" /><testcase classname="backend.tests.test_product_filters.TestProductData" name="test_product_images_are_valid_urls" time="0.134" /><testcase classname="backend.tests.test_product_filters.TestProductData" name="test_featured_products_endpoint" time="0.100" /><testcase classname="backend.tests.test_product_filters.TestCartFunctionality" name="test_add_to_cart" time="0.245" /><testcase classname="backend.tests.test_product_filters.TestCartFunctionality" name="test_get_cart" time="0.114" /></testsuite></testsuites>