<?xml version="1.0" encoding="utf-8"?><testsuites name="pytest tests"><testsuite name="pytest" errors="0" failures="0" skipped="0" tests="18" time="8.054" timestamp="2026-03-06T22:29:08.501827+00:00" hostname="agent-env-3817accc-d1c1-46ec-b215-a3209602f9f7"><testcase classname="backend.tests.test_wishlist_ai_recommendations.TestWishlistEndpoints" name="test_wishlist_requires_auth" time="2.046" /><testcase classname="backend.tests.test_wishlist_ai_recommendations.TestWishlistEndpoints" name="test_add_to_wishlist_requires_auth" time="0.117" /><testcase classname="backend.tests.test_wishlist_ai_recommendations.TestWishlistEndpoints" name="test_remove_from_wishlist_requires_auth" time="0.175" /><testcase classname="backend.tests.test_wishlist_ai_recommendations.TestWishlistEndpoints" name="test_check_wishlist_no_auth_returns_false" time="0.117" /><testcase classname="backend.tests.test_wishlist_ai_recommendations.TestWishlistEndpoints" name="test_get_empty_wishlist" time="0.507" /><testcase classname="backend.tests.test_wishlist_ai_recommendations.TestWishlistEndpoints" name="test_add_product_to_wishlist" time="0.275" /><testcase classname="backend.tests.test_wishlist_ai_recommendations.TestWishlistEndpoints" name="test_verify_product_in_wishlist" time="0.276" /><testcase classname="backend.tests.test_wishlist_ai_recommendations.TestWishlistEndpoints" name="test_wishlist_returns_product_details" time="0.126" /><testcase classname="backend.tests.test_wishlist_ai_recommendations.TestWishlistEndpoints" name="test_add_nonexistent_product_fails" time="0.131" /><testcase classname="backend.tests.test_wishlist_ai_recommendations.TestWishlistEndpoints" name="test_duplicate_add_is_idempotent" time="0.342" /><testcase classname="backend.tests.test_wishlist_ai_recommendations.TestWishlistEndpoints" name="test_remove_from_wishlist" time="0.218" /><testcase classname="backend.tests.test_wishlist_ai_recommendations.TestMoveToCart" name="test_move_to_cart_workflow" time="0.897" /><testcase classname="backend.tests.test_wishlist_ai_recommendations.TestAIRecommendations" name="test_ai_recommendations_requires_admin" time="0.116" /><testcase classname="backend.tests.test_wishlist_ai_recommendations.TestAIRecommendations" name="test_ai_recommendations_returns_data" time="0.506" /><testcase classname="backend.tests.test_wishlist_ai_recommendations.TestAIRecommendations" name="test_ai_recommendation_structure" time="0.113" /><testcase classname="backend.tests.test_wishlist_ai_recommendations.TestAIRecommendations" name="test_ai_recommendations_has_insights" time="0.120" /><testcase classname="backend.tests.test_wishlist_ai_recommendations.TestAIRecommendations" name="test_ai_recommendations_types" time="0.111" /><testcase classname="backend.tests.test_wishlist_ai_recommendations.TestWishlistIntegration" name="test_full_wishlist_workflow" time="1.661" /></testsuite></testsuites>