<?xml version="1.0" encoding="utf-8"?><testsuites name="pytest tests"><testsuite name="pytest" errors="0" failures="0" skipped="0" tests="11" time="2.153" timestamp="2026-03-06T01:34:00.504764+00:00" hostname="agent-env-ff84b140-6ade-43c8-9956-553f1418bcfd"><testcase classname="backend.tests.test_admin_analytics.TestAdminAnalyticsEndpoint" name="test_analytics_requires_auth" time="0.158" /><testcase classname="backend.tests.test_admin_analytics.TestAdminAnalyticsEndpoint" name="test_analytics_requires_admin" time="0.798" /><testcase classname="backend.tests.test_admin_analytics.TestAdminAnalyticsEndpoint" name="test_analytics_returns_summary" time="0.111" /><testcase classname="backend.tests.test_admin_analytics.TestAdminAnalyticsEndpoint" name="test_analytics_returns_sales_trend" time="0.110" /><testcase classname="backend.tests.test_admin_analytics.TestAdminAnalyticsEndpoint" name="test_analytics_returns_top_products" time="0.112" /><testcase classname="backend.tests.test_admin_analytics.TestAdminAnalyticsEndpoint" name="test_analytics_returns_category_breakdown" time="0.109" /><testcase classname="backend.tests.test_admin_analytics.TestAdminAnalyticsEndpoint" name="test_analytics_returns_pet_type_breakdown" time="0.115" /><testcase classname="backend.tests.test_admin_analytics.TestAdminAnalyticsEndpoint" name="test_analytics_returns_recent_customers" time="0.105" /><testcase classname="backend.tests.test_admin_analytics.TestAdminAnalyticsEndpoint" name="test_analytics_returns_order_status_breakdown" time="0.113" /><testcase classname="backend.tests.test_admin_analytics.TestAdminAnalyticsEndpoint" name="test_analytics_returns_acquisition_trend" time="0.121" /><testcase classname="backend.tests.test_admin_analytics.TestAdminAnalyticsEndpoint" name="test_analytics_data_accuracy" time="0.232" /></testsuite></testsuites>